<?xml version="1.0" encoding="UTF-8"?>
<!-- Generated by org.testng.reporters.JUnitXMLReporter -->
<testsuite ignored="0" hostname="Ashok" failures="0" tests="4" name="Test" time="22.543" errors="0" timestamp="2022-01-13T16:11:54 IST">
  <testcase classname="annotations.ActiTime" name="actiTimePage" time="7.451"/>
  <testcase classname="annotations.ActiTime" name="verifyLoginPage" time="0.016"/>
  <testcase classname="annotations.ActiTime" name="logIn" time="6.319"/>
  <testcase classname="annotations.ActiTime" name="verifyHomepage" time="2.553"/>
</testsuite> <!-- Test -->
